[2025-02-24 20:23:51] [INFO] Checking required dependencies...
[2025-02-24 20:23:51] [INFO] All dependencies available.
[2025-02-24 20:23:51] [INFO] Opening repository: /sdcard/Akano-Bot
[2025-02-24 20:23:51] [INFO] Fetching latest changes from remote...
[2025-02-24 20:23:54] [INFO] Active branch: kutashiakano
[2025-02-24 20:23:54] [INFO] Checking repository status...
[2025-02-24 20:23:54] [INFO] Found 5 modified files.
[2025-02-24 20:23:54] [INFO] Checking for conflicts in modified files...
[2025-02-24 20:23:55] [INFO] No conflicts detected.
[2025-02-24 20:23:55] [INFO] Formatting code with Prettier...
[2025-02-24 20:23:57] [INFO] Code formatting successful.
[2025-02-24 20:23:57] [INFO] Adding changes to staging area...
[2025-02-24 20:25:47] [INFO] Creating commit with message: [STYLE] menambah kan qr ppada main.js, jadi kalo false di pairing code maka otomafistis pakai qr, menambah kan AutoConnect Pada jadi bot :v\n\nChanges:\n - 
 - README.md
 - features/plugins/subbot/subbot.js
 - main.js
 - settings.js
[2025-02-24 20:25:48] [INFO] Uploading to GitHub...
[2025-02-24 20:25:48] [INFO] Attempting push to origin/kutashiakano (Try 1/3)...
[2025-02-24 20:25:50] [WARN] Push failed. Retrying in 5 seconds...
[2025-02-24 20:25:55] [INFO] Attempting push to origin/kutashiakano (Try 2/3)...
[2025-02-24 20:25:56] [WARN] Push failed. Retrying in 5 seconds...
[2025-02-24 20:26:01] [INFO] Attempting push to origin/kutashiakano (Try 3/3)...
[2025-02-24 20:26:03] [ERROR] Push failed after 3 attempts.
[2025-02-24 20:26:03] [INFO] Try manual push later with: git push origin kutashiakano
[2025-02-24 20:29:39] [INFO] Checking required dependencies...
[2025-02-24 20:29:39] [INFO] Fetching latest changes from remote...
[2025-02-24 20:29:41] [INFO] Checking repo status...
[2025-02-24 20:29:41] [INFO] Formatting files...
[2025-02-24 20:29:43] [INFO] Committing changes...
[2025-02-24 20:29:44] [INFO] Attempting push (Try 1/3)...
[2025-02-24 20:29:44] [WARN] Push failed. Retrying...
[2025-02-24 20:29:49] [INFO] Attempting push (Try 2/3)...
[2025-02-24 20:29:49] [WARN] Push failed. Retrying...
[2025-02-24 20:29:54] [INFO] Attempting push (Try 3/3)...
[2025-02-24 20:29:54] [WARN] Push failed. Retrying...
[2025-02-24 20:31:19] [INFO] Running Prettier...
